<?xml version="1.0" encoding="UTF-8"?>
<!-- Generated by org.testng.reporters.JUnitXMLReporter -->
<testsuite ignored="0" hostname="Babita_Solunke" failures="2" tests="6" name="Surefire test" time="10.036" errors="0" timestamp="2024-07-11T23:11:52 IST">
  <testcase classname="api.test.DDTests" name="testPostUser" time="0.0">
    <failure type="java.lang.RuntimeException" message="java.io.FileNotFoundException: C:\Users\babit\eclipse-workspace\PetStoreAutomation\Userdata.xlsx (The system cannot find the file specified)">
      <![CDATA[java.lang.RuntimeException: java.io.FileNotFoundException: C:\Users\babit\eclipse-workspace\PetStoreAutomation\Userdata.xlsx (The system cannot find the file specified)
at java.base/java.util.ArrayList.forEach(ArrayList.java:1511)
Caused by: java.io.FileNotFoundException: C:\Users\babit\eclipse-workspace\PetStoreAutomation\Userdata.xlsx (The system cannot find the file specified)
at java.base/java.io.FileInputStream.open0(Native Method)
at java.base/java.io.FileInputStream.open(FileInputStream.java:216)
at java.base/java.io.FileInputStream.<init>(FileInputStream.java:157)
at java.base/java.io.FileInputStream.<init>(FileInputStream.java:111)
at api.utilities.XLUtility.getRowCount(XLUtility.java:35)
at api.utilities.DataProviders.getAllData(DataProviders.java:15)
... 30 more
... Removed 37 stack frames]]>
    </failure>
  </testcase> <!-- testPostUser -->
  <testcase classname="api.test.DDTests" name="testDeleteUserByName" time="0.0">
    <failure type="java.lang.RuntimeException" message="java.io.FileNotFoundException: C:\Users\babit\eclipse-workspace\PetStoreAutomation\Userdata.xlsx (The system cannot find the file specified)">
      <![CDATA[java.lang.RuntimeException: java.io.FileNotFoundException: C:\Users\babit\eclipse-workspace\PetStoreAutomation\Userdata.xlsx (The system cannot find the file specified)
at java.base/java.util.ArrayList.forEach(ArrayList.java:1511)
Caused by: java.io.FileNotFoundException: C:\Users\babit\eclipse-workspace\PetStoreAutomation\Userdata.xlsx (The system cannot find the file specified)
at java.base/java.io.FileInputStream.open0(Native Method)
at java.base/java.io.FileInputStream.open(FileInputStream.java:216)
at java.base/java.io.FileInputStream.<init>(FileInputStream.java:157)
at java.base/java.io.FileInputStream.<init>(FileInputStream.java:111)
at api.utilities.XLUtility.getRowCount(XLUtility.java:35)
at api.utilities.DataProviders.getUserNames(DataProviders.java:36)
... 30 more
... Removed 37 stack frames]]>
    </failure>
  </testcase> <!-- testDeleteUserByName -->
  <testcase classname="api.test.UserTests" name="testPostUser" time="4.096"/>
  <testcase classname="api.test.UserTests" name="testGetUserByName" time="1.419"/>
  <testcase classname="api.test.UserTests" name="testUpdateUserByName" time="2.763"/>
  <testcase classname="api.test.UserTests" name="testDeleteUserByName" time="1.457"/>
</testsuite> <!-- Surefire test -->
