<?xml version="1.0" encoding="UTF-8"?>
<!-- Generated by org.testng.reporters.JUnitXMLReporter -->
<testsuite ignored="0" hostname="Babita_Solunke" failures="0" tests="4" name="Tests" time="13.023" errors="0" timestamp="2024-07-11T20:56:40 IST">
  <testcase classname="api.test.UserTests" name="testPostUser" time="5.368"/>
  <testcase classname="api.test.UserTests" name="testGetUserByName" time="1.748"/>
  <testcase classname="api.test.UserTests" name="testUpdateUserByName" time="3.326"/>
  <testcase classname="api.test.UserTests" name="testDeleteUserByName" time="1.683"/>
</testsuite> <!-- Tests -->
