<?xml version="1.0" encoding="UTF-8"?>
<testng-results ignored="0" total="4" passed="4" failed="0" skipped="0">
  <reporter-output>
  </reporter-output>
  <suite started-at="2024-07-11T20:56:27 IST" name="Suite" finished-at="2024-07-11T20:56:40 IST" duration-ms="13023">
    <groups>
    </groups>
    <test started-at="2024-07-11T20:56:27 IST" name="Tests" finished-at="2024-07-11T20:56:40 IST" duration-ms="13023">
      <class name="api.test.UserTests">
        <test-method is-config="true" signature="setupData()[pri:0, instance:api.test.UserTests@1a6d8329]" started-at="2024-07-11T20:56:27 IST" name="setupData" finished-at="2024-07-11T20:56:28 IST" duration-ms="350" status="PASS">
          <reporter-output>
          </reporter-output>
        </test-method> <!-- setupData -->
        <test-method signature="testPostUser()[pri:1, instance:api.test.UserTests@1a6d8329]" started-at="2024-07-11T20:56:28 IST" name="testPostUser" finished-at="2024-07-11T20:56:33 IST" duration-ms="5368" status="PASS">
          <reporter-output>
          </reporter-output>
        </test-method> <!-- testPostUser -->
        <test-method signature="testGetUserByName()[pri:2, instance:api.test.UserTests@1a6d8329]" started-at="2024-07-11T20:56:33 IST" name="testGetUserByName" finished-at="2024-07-11T20:56:35 IST" duration-ms="1748" status="PASS">
          <reporter-output>
          </reporter-output>
        </test-method> <!-- testGetUserByName -->
        <test-method signature="testUpdateUserByName()[pri:3, instance:api.test.UserTests@1a6d8329]" started-at="2024-07-11T20:56:35 IST" name="testUpdateUserByName" finished-at="2024-07-11T20:56:38 IST" duration-ms="3326" status="PASS">
          <reporter-output>
          </reporter-output>
        </test-method> <!-- testUpdateUserByName -->
        <test-method signature="testDeleteUserByName()[pri:4, instance:api.test.UserTests@1a6d8329]" started-at="2024-07-11T20:56:38 IST" name="testDeleteUserByName" finished-at="2024-07-11T20:56:40 IST" duration-ms="1683" status="PASS">
          <reporter-output>
          </reporter-output>
        </test-method> <!-- testDeleteUserByName -->
      </class> <!-- api.test.UserTests -->
    </test> <!-- Tests -->
  </suite> <!-- Suite -->
</testng-results>
